# JRE version: Java(TM) SE Runtime Environment (17.0.12+8) (build 17.0.12+8-LTS-286)
# Java VM: Java HotSpot(TM) 64-Bit Server VM (17.0.12+8-LTS-286, mixed mode, sharing, tiered, compressed oops, compressed class ptrs, g1 gc, windows-amd64)
GC Precious Log:
 CPUs: 16 total, 16 available
 Memory: 16202M
 Large Page Support: Disabled
 NUMA Support: Disabled
 Compressed Oops: Enabled (32-bit)
 Heap Region Size: 1M
 Heap Min Capacity: 8M
 Heap Initial Capacity: 254M
 Heap Max Capacity: 2G
 Pre-touch: Disabled
 Parallel Workers: 13
 Concurrent Workers: 3
 Concurrent Refinement Workers: 13
 Periodic GC: Disabled
Heap:
 garbage-first heap   total 135168K, used 92616K [0x0000000080000000, 0x0000000100000000)
  region size 1024K, 27 young (27648K), 1 survivors (1024K)
 Metaspace       used 66122K, committed 66816K, reserved 1114112K
  class space    used 8812K, committed 9152K, reserved 1048576K
GC Heap History (20 events):
Event: 19.859 GC heap before
{Heap before GC invocations=26 (full 0):
 garbage-first heap   total 121856K, used 62857K [0x0000000080000000, 0x0000000100000000)
  region size 1024K, 5 young (5120K), 1 survivors (1024K)
 Metaspace       used 51726K, committed 52352K, reserved 1114112K
  class space    used 7048K, committed 7360K, reserved 1048576K
}
Event: 19.862 GC heap after
{Heap after GC invocations=27 (full 0):
 garbage-first heap   total 121856K, used 58170K [0x0000000080000000, 0x0000000100000000)
  region size 1024K, 1 young (1024K), 1 survivors (1024K)
 Metaspace       used 51726K, committed 52352K, reserved 1114112K
  class space    used 7048K, committed 7360K, reserved 1048576K
}
Event: 21.718 GC heap before
{Heap before GC invocations=27 (full 0):
 garbage-first heap   total 121856K, used 81722K [0x0000000080000000, 0x0000000100000000)
  region size 1024K, 25 young (25600K), 1 survivors (1024K)
 Metaspace       used 55191K, committed 55744K, reserved 1114112K
  class space    used 7449K, committed 7680K, reserved 1048576K
}
Event: 21.721 GC heap after
{Heap after GC invocations=28 (full 0):
 garbage-first heap   total 121856K, used 58789K [0x0000000080000000, 0x0000000100000000)
  region size 1024K, 2 young (2048K), 2 survivors (2048K)
 Metaspace       used 55191K, committed 55744K, reserved 1114112K
  class space    used 7449K, committed 7680K, reserved 1048576K
}
Event: 23.886 GC heap before
{Heap before GC invocations=29 (full 0):
 garbage-first heap   total 121856K, used 85413K [0x0000000080000000, 0x0000000100000000)
  region size 1024K, 28 young (28672K), 2 survivors (2048K)
 Metaspace       used 58901K, committed 59520K, reserved 1114112K
  class space    used 7939K, committed 8192K, reserved 1048576K
}
Event: 23.890 GC heap after
{Heap after GC invocations=30 (full 0):
 garbage-first heap   total 121856K, used 60426K [0x0000000080000000, 0x0000000100000000)
  region size 1024K, 3 young (3072K), 3 survivors (3072K)
 Metaspace       used 58901K, committed 59520K, reserved 1114112K
  class space    used 7939K, committed 8192K, reserved 1048576K
}
Event: 23.905 GC heap before
{Heap before GC invocations=30 (full 0):
 garbage-first heap   total 121856K, used 62474K [0x0000000080000000, 0x0000000100000000)
  region size 1024K, 5 young (5120K), 3 survivors (3072K)
 Metaspace       used 59020K, committed 59712K, reserved 1114112K
  class space    used 7956K, committed 8320K, reserved 1048576K
}
Event: 23.907 GC heap after
{Heap after GC invocations=31 (full 0):
 garbage-first heap   total 121856K, used 60860K [0x0000000080000000, 0x0000000100000000)
  region size 1024K, 1 young (1024K), 1 survivors (1024K)
 Metaspace       used 59020K, committed 59712K, reserved 1114112K
  class space    used 7956K, committed 8320K, reserved 1048576K
}
Event: 23.921 GC heap before
{Heap before GC invocations=31 (full 0):
 garbage-first heap   total 121856K, used 61884K [0x0000000080000000, 0x0000000100000000)
  region size 1024K, 3 young (3072K), 1 survivors (1024K)
 Metaspace       used 59048K, committed 59776K, reserved 1114112K
  class space    used 7958K, committed 8320K, reserved 1048576K
}
Event: 23.922 GC heap after
{Heap after GC invocations=32 (full 0):
 garbage-first heap   total 121856K, used 61180K [0x0000000080000000, 0x0000000100000000)
  region size 1024K, 2 young (2048K), 2 survivors (2048K)
 Metaspace       used 59048K, committed 59776K, reserved 1114112K
  class space    used 7958K, committed 8320K, reserved 1048576K
}
Event: 24.813 GC heap before
{Heap before GC invocations=33 (full 0):
 garbage-first heap   total 135168K, used 95996K [0x0000000080000000, 0x0000000100000000)
  region size 1024K, 30 young (30720K), 2 survivors (2048K)
 Metaspace       used 60487K, committed 61184K, reserved 1114112K
  class space    used 8153K, committed 8512K, reserved 1048576K
}
Event: 24.816 GC heap after
{Heap after GC invocations=34 (full 0):
 garbage-first heap   total 135168K, used 63345K [0x0000000080000000, 0x0000000100000000)
  region size 1024K, 4 young (4096K), 4 survivors (4096K)
 Metaspace       used 60487K, committed 61184K, reserved 1114112K
  class space    used 8153K, committed 8512K, reserved 1048576K
}
Event: 24.958 GC heap before
{Heap before GC invocations=34 (full 0):
 garbage-first heap   total 135168K, used 64369K [0x0000000080000000, 0x0000000100000000)
  region size 1024K, 6 young (6144K), 4 survivors (4096K)
 Metaspace       used 60657K, committed 61312K, reserved 1114112K
  class space    used 8169K, committed 8512K, reserved 1048576K
}
Event: 24.961 GC heap after
{Heap after GC invocations=35 (full 0):
 garbage-first heap   total 135168K, used 63487K [0x0000000080000000, 0x0000000100000000)
  region size 1024K, 1 young (1024K), 1 survivors (1024K)
 Metaspace       used 60657K, committed 61312K, reserved 1114112K
  class space    used 8169K, committed 8512K, reserved 1048576K
}
Event: 25.975 GC heap before
{Heap before GC invocations=35 (full 0):
 garbage-first heap   total 135168K, used 98303K [0x0000000080000000, 0x0000000100000000)
  region size 1024K, 34 young (34816K), 1 survivors (1024K)
 Metaspace       used 62948K, committed 63616K, reserved 1114112K
  class space    used 8432K, committed 8768K, reserved 1048576K
}
Event: 25.985 GC heap after
{Heap after GC invocations=36 (full 0):
 garbage-first heap   total 135168K, used 64708K [0x0000000080000000, 0x0000000100000000)
  region size 1024K, 2 young (2048K), 2 survivors (2048K)
 Metaspace       used 62948K, committed 63616K, reserved 1114112K
  class space    used 8432K, committed 8768K, reserved 1048576K
}
Event: 28.983 GC heap before
{Heap before GC invocations=37 (full 0):
 garbage-first heap   total 135168K, used 100548K [0x0000000080000000, 0x0000000100000000)
  region size 1024K, 37 young (37888K), 2 survivors (2048K)
 Metaspace       used 65681K, committed 66368K, reserved 1114112K
  class space    used 8759K, committed 9088K, reserved 1048576K
}
Event: 28.987 GC heap after
{Heap after GC invocations=38 (full 0):
 garbage-first heap   total 135168K, used 66626K [0x0000000080000000, 0x0000000100000000)
  region size 1024K, 4 young (4096K), 4 survivors (4096K)
 Metaspace       used 65681K, committed 66368K, reserved 1114112K
  class space    used 8759K, committed 9088K, reserved 1048576K
}
Event: 29.013 GC heap before
{Heap before GC invocations=38 (full 0):
 garbage-first heap   total 135168K, used 67650K [0x0000000080000000, 0x0000000100000000)
  region size 1024K, 6 young (6144K), 4 survivors (4096K)
 Metaspace       used 65695K, committed 66368K, reserved 1114112K
  class space    used 8759K, committed 9088K, reserved 1048576K
}
Event: 29.017 GC heap after
{Heap after GC invocations=39 (full 0):
 garbage-first heap   total 135168K, used 67016K [0x0000000080000000, 0x0000000100000000)
  region size 1024K, 1 young (1024K), 1 survivors (1024K)
 Metaspace       used 65695K, committed 66368K, reserved 1114112K
  class space    used 8759K, committed 9088K, reserved 1048576K
}

