# JRE version: Java(TM) SE Runtime Environment (17.0.12+8) (build 17.0.12+8-LTS-286)
# Java VM: Java HotSpot(TM) 64-Bit Server VM (17.0.12+8-LTS-286, mixed mode, sharing, tiered, compressed oops, compressed class ptrs, g1 gc, windows-amd64)
GC Precious Log:
 CPUs: 16 total, 16 available
 Memory: 16202M
 Large Page Support: Disabled
 NUMA Support: Disabled
 Compressed Oops: Enabled (32-bit)
 Heap Region Size: 1M
 Heap Min Capacity: 8M
 Heap Initial Capacity: 254M
 Heap Max Capacity: 2G
 Pre-touch: Disabled
 Parallel Workers: 13
 Concurrent Workers: 3
 Concurrent Refinement Workers: 13
 Periodic GC: Disabled
Heap:
 garbage-first heap   total 136192K, used 93768K [0x0000000080000000, 0x0000000100000000)
  region size 1024K, 18 young (18432K), 1 survivors (1024K)
 Metaspace       used 75708K, committed 76480K, reserved 1179648K
  class space    used 10377K, committed 10752K, reserved 1048576K
GC Heap History (20 events):
Event: 8.393 GC heap before
{Heap before GC invocations=25 (full 0):
 garbage-first heap   total 136192K, used 86702K [0x0000000080000000, 0x0000000100000000)
  region size 1024K, 27 young (27648K), 2 survivors (2048K)
 Metaspace       used 59087K, committed 59776K, reserved 1114112K
  class space    used 7991K, committed 8320K, reserved 1048576K
}
Event: 8.396 GC heap after
{Heap after GC invocations=26 (full 0):
 garbage-first heap   total 136192K, used 65734K [0x0000000080000000, 0x0000000100000000)
  region size 1024K, 5 young (5120K), 5 survivors (5120K)
 Metaspace       used 59087K, committed 59776K, reserved 1114112K
  class space    used 7991K, committed 8320K, reserved 1048576K
}
Event: 8.842 GC heap before
{Heap before GC invocations=27 (full 0):
 garbage-first heap   total 136192K, used 104646K [0x0000000080000000, 0x0000000100000000)
  region size 1024K, 38 young (38912K), 5 survivors (5120K)
 Metaspace       used 61181K, committed 61760K, reserved 1114112K
  class space    used 8261K, committed 8576K, reserved 1048576K
}
Event: 8.845 GC heap after
{Heap after GC invocations=28 (full 0):
 garbage-first heap   total 136192K, used 66561K [0x0000000080000000, 0x0000000100000000)
  region size 1024K, 3 young (3072K), 3 survivors (3072K)
 Metaspace       used 61181K, committed 61760K, reserved 1114112K
  class space    used 8261K, committed 8576K, reserved 1048576K
}
Event: 8.902 GC heap before
{Heap before GC invocations=28 (full 0):
 garbage-first heap   total 136192K, used 69633K [0x0000000080000000, 0x0000000100000000)
  region size 1024K, 6 young (6144K), 3 survivors (3072K)
 Metaspace       used 61377K, committed 62080K, reserved 1114112K
  class space    used 8283K, committed 8640K, reserved 1048576K
}
Event: 8.906 GC heap after
{Heap after GC invocations=29 (full 0):
 garbage-first heap   total 136192K, used 66953K [0x0000000080000000, 0x0000000100000000)
  region size 1024K, 1 young (1024K), 1 survivors (1024K)
 Metaspace       used 61377K, committed 62080K, reserved 1114112K
  class space    used 8283K, committed 8640K, reserved 1048576K
}
Event: 9.152 GC heap before
{Heap before GC invocations=29 (full 0):
 garbage-first heap   total 136192K, used 80265K [0x0000000080000000, 0x0000000100000000)
  region size 1024K, 15 young (15360K), 1 survivors (1024K)
 Metaspace       used 62336K, committed 62976K, reserved 1114112K
  class space    used 8379K, committed 8704K, reserved 1048576K
}
Event: 9.154 GC heap after
{Heap after GC invocations=30 (full 0):
 garbage-first heap   total 136192K, used 67741K [0x0000000080000000, 0x0000000100000000)
  region size 1024K, 2 young (2048K), 2 survivors (2048K)
 Metaspace       used 62336K, committed 62976K, reserved 1114112K
  class space    used 8379K, committed 8704K, reserved 1048576K
}
Event: 10.016 GC heap before
{Heap before GC invocations=31 (full 0):
 garbage-first heap   total 136192K, used 105629K [0x0000000080000000, 0x0000000100000000)
  region size 1024K, 38 young (38912K), 2 survivors (2048K)
 Metaspace       used 65257K, committed 65920K, reserved 1114112K
  class space    used 8754K, committed 9088K, reserved 1048576K
}
Event: 10.019 GC heap after
{Heap after GC invocations=32 (full 0):
 garbage-first heap   total 136192K, used 68910K [0x0000000080000000, 0x0000000100000000)
  region size 1024K, 3 young (3072K), 3 survivors (3072K)
 Metaspace       used 65257K, committed 65920K, reserved 1114112K
  class space    used 8754K, committed 9088K, reserved 1048576K
}
Event: 11.234 GC heap before
{Heap before GC invocations=32 (full 0):
 garbage-first heap   total 136192K, used 105774K [0x0000000080000000, 0x0000000100000000)
  region size 1024K, 40 young (40960K), 3 survivors (3072K)
 Metaspace       used 67004K, committed 67712K, reserved 1114112K
  class space    used 8947K, committed 9280K, reserved 1048576K
}
Event: 11.238 GC heap after
{Heap after GC invocations=33 (full 0):
 garbage-first heap   total 136192K, used 70837K [0x0000000080000000, 0x0000000100000000)
  region size 1024K, 5 young (5120K), 5 survivors (5120K)
 Metaspace       used 67004K, committed 67712K, reserved 1114112K
  class space    used 8947K, committed 9280K, reserved 1048576K
}
Event: 12.189 GC heap before
{Heap before GC invocations=34 (full 0):
 garbage-first heap   total 136192K, used 108725K [0x0000000080000000, 0x0000000100000000)
  region size 1024K, 42 young (43008K), 5 survivors (5120K)
 Metaspace       used 70266K, committed 70912K, reserved 1114112K
  class space    used 9587K, committed 9920K, reserved 1048576K
}
Event: 12.193 GC heap after
{Heap after GC invocations=35 (full 0):
 garbage-first heap   total 136192K, used 72617K [0x0000000080000000, 0x0000000100000000)
  region size 1024K, 4 young (4096K), 4 survivors (4096K)
 Metaspace       used 70266K, committed 70912K, reserved 1114112K
  class space    used 9587K, committed 9920K, reserved 1048576K
}
Event: 12.878 GC heap before
{Heap before GC invocations=35 (full 0):
 garbage-first heap   total 136192K, used 109481K [0x0000000080000000, 0x0000000100000000)
  region size 1024K, 40 young (40960K), 4 survivors (4096K)
 Metaspace       used 72905K, committed 73600K, reserved 1114112K
  class space    used 9963K, committed 10304K, reserved 1048576K
}
Event: 12.882 GC heap after
{Heap after GC invocations=36 (full 0):
 garbage-first heap   total 136192K, used 74521K [0x0000000080000000, 0x0000000100000000)
  region size 1024K, 4 young (4096K), 4 survivors (4096K)
 Metaspace       used 72905K, committed 73600K, reserved 1114112K
  class space    used 9963K, committed 10304K, reserved 1048576K
}
Event: 13.547 GC heap before
{Heap before GC invocations=37 (full 0):
 garbage-first heap   total 136192K, used 110361K [0x0000000080000000, 0x0000000100000000)
  region size 1024K, 40 young (40960K), 4 survivors (4096K)
 Metaspace       used 74991K, committed 75712K, reserved 1179648K
  class space    used 10229K, committed 10560K, reserved 1048576K
}
Event: 13.555 GC heap after
{Heap after GC invocations=38 (full 0):
 garbage-first heap   total 136192K, used 77484K [0x0000000080000000, 0x0000000100000000)
  region size 1024K, 5 young (5120K), 5 survivors (5120K)
 Metaspace       used 74991K, committed 75712K, reserved 1179648K
  class space    used 10229K, committed 10560K, reserved 1048576K
}
Event: 13.578 GC heap before
{Heap before GC invocations=38 (full 0):
 garbage-first heap   total 136192K, used 78508K [0x0000000080000000, 0x0000000100000000)
  region size 1024K, 6 young (6144K), 5 survivors (5120K)
 Metaspace       used 74991K, committed 75712K, reserved 1179648K
  class space    used 10229K, committed 10560K, reserved 1048576K
}
Event: 13.583 GC heap after
{Heap after GC invocations=39 (full 0):
 garbage-first heap   total 136192K, used 77384K [0x0000000080000000, 0x0000000100000000)
  region size 1024K, 1 young (1024K), 1 survivors (1024K)
 Metaspace       used 74991K, committed 75712K, reserved 1179648K
  class space    used 10229K, committed 10560K, reserved 1048576K
}

